[2026-06-15T21:26:38Z] PHASE: RESEARCH
[2026-06-15T21:26:38Z]   → Analyzing: D-040 — Schema Prisma com 5 Pilares. Design proposal (NÃO aplicado):
[2026-06-15T21:26:39Z]   → CodeGraph compressed (ab555c, ratio 1.00)
[2026-06-15T21:26:39Z]   → D-040 analyzed. Moving to PLANNING.
[2026-06-15T21:26:43Z] PHASE: PLANNING
[2026-06-15T21:26:43Z]   → Plans.md updated (PLN-000)
[2026-06-15T21:26:44Z] PHASE: IMPLEMENTATION
[2026-06-15T21:26:44Z]   → **PLN-000** marked WIP in Plans.md
[2026-06-15T21:26:44Z]   → IMPLEMENTATION signaled for next /loop iteration
[2026-06-16T20:53:20Z] PHASE: QA
[2026-06-16T20:53:20Z]   → Running typecheck...
[2026-06-16T20:53:34Z]   → Running tests...
[2026-06-16T20:53:58Z]   → Running lint...
[2026-06-16T20:54:12Z]   → tests output compressed (id=bd7a61)
[2026-06-16T20:54:13Z]   → lint output compressed (id=5b0847)
[2026-06-16T20:54:13Z]   → QA results: typecheck=❌ tests=❌ lint=✅
[2026-06-16T20:54:13Z]   → QA failed — will retry next iteration
[2026-06-16T20:58:51Z] PHASE: QA
[2026-06-16T20:58:51Z]   → Running typecheck...
[2026-06-16T20:59:05Z]   → Running tests...
[2026-06-16T20:59:33Z]   → Running lint...
[2026-06-16T20:59:48Z]   → tests output compressed (id=2dc038)
[2026-06-16T20:59:48Z]   → lint output compressed (id=5b0847)
[2026-06-16T20:59:48Z]   → QA results: typecheck=✅ tests=❌ lint=✅
[2026-06-16T20:59:48Z]   → QA failed — will retry next iteration
[2026-06-16T21:13:17Z] PHASE: QA
[2026-06-16T21:13:17Z]   → Running typecheck...
[2026-06-16T21:13:33Z]   → Running tests...
[2026-06-16T21:13:48Z]   → Running lint...
[2026-06-16T21:14:01Z]   → tests output compressed (id=13a2f0)
[2026-06-16T21:14:01Z]   → lint output compressed (id=5b0847)
[2026-06-16T21:14:01Z]   → QA results: typecheck=✅ tests=❌ lint=✅
[2026-06-16T21:14:01Z]   → QA failed — will retry next iteration
[2026-06-16T21:14:06Z] PHASE: QA
[2026-06-16T21:14:06Z]   → Running typecheck...
[2026-06-16T21:14:13Z]   → Running tests...
[2026-06-16T21:14:26Z]   → Running lint...
[2026-06-16T21:14:40Z]   → tests output compressed (id=98dba6)
[2026-06-16T21:14:40Z]   → lint output compressed (id=5b0847)
[2026-06-16T21:14:40Z]   → QA results: typecheck=✅ tests=❌ lint=✅
[2026-06-16T21:14:40Z]   → QA failed — will retry next iteration
