[20:21:37] 
[20:21:37] ━━━━━━━━━━━━━━━━━━━━━━━━━━━━━━━━━━━━━━━━━━━━━━━━━━━━━━━━━━━━━━
[20:21:37]   OMP AUTO-EVOLUTION ENGINE v3.0
[20:21:37] ━━━━━━━━━━━━━━━━━━━━━━━━━━━━━━━━━━━━━━━━━━━━━━━━━━━━━━━━━━━━━━
[20:21:38] Project: /home/skynet/cabala-dos-caminhos
[20:21:38] Log: /home/skynet/cabala-dos-caminhos/logs/orchestrator-20260530-202137.log
[20:21:38] Started: sáb. 30 mai 2026 20:21:38 -03
[20:21:38] 
[20:21:38] ━━━━━━━━━━━━━━━━━━━━━━━━━━━━━━━━━━━━━━━━━━━━━━━━━━━━━━━━━━━━━━
[20:21:38]   INICIANDO LOOP DE EVOLUÇÃO
[20:21:38] ━━━━━━━━━━━━━━━━━━━━━━━━━━━━━━━━━━━━━━━━━━━━━━━━━━━━━━━━━━━━━━
[20:21:38] Máximo de ciclos: 999999
[20:21:38] Pressione Ctrl+C para parar

[20:21:38] ━━━━━━━━━━━━━━━━━━━━━━━━━━━━━━━━━━━━━━━━━━━━━━━━━━━━━━━━━━━━━━
[20:21:38]   CICLO #1 - 2026-05-30 20:21:38
[20:21:38] ━━━━━━━━━━━━━━━━━━━━━━━━━━━━━━━━━━━━━━━━━━━━━━━━━━━━━━━━━━━━━━
[20:21:38] 
[20:21:38] ━━━━━━━━━━━━━━━━━━━━━━━━━━━━━━━━━━━━━━━━━━━━━━━━━━━━━━━━━━━━━━
[20:21:39]   ESTADO ATUAL
[20:21:39] ━━━━━━━━━━━━━━━━━━━━━━━━━━━━━━━━━━━━━━━━━━━━━━━━━━━━━━━━━━━━━━
[20:21:39]   Sprints: ?
[20:21:39]   Tests: 4388
4388
[20:21:39]   Correlações: 130
[20:21:39]   Worktree: com mudanças pendentes
[autoresearch/session-20260530 8ce83a0] wip: 2026-05-30 20:21
 6 files changed, 66 insertions(+), 2 deletions(-)
 create mode 100644 logs/evolution-20260530-202137.log
 create mode 100644 logs/orchestrator-20260530-202137.log
[20:21:39] 
[20:21:40] ━━━━━━━━━━━━━━━━━━━━━━━━━━━━━━━━━━━━━━━━━━━━━━━━━━━━━━━━━━━━━━
[20:21:40]   QUALIDADE
[20:21:40] ━━━━━━━━━━━━━━━━━━━━━━━━━━━━━━━━━━━━━━━━━━━━━━━━━━━━━━━━━━━━━━
[20:21:46] \033[0;31m✗\033[0m Build: FALHOU
