[20:22:31] 
[20:22:31] ━━━━━━━━━━━━━━━━━━━━━━━━━━━━━━━━━━━━━━━━━━━━━━━━━━━━━━━━━━━━━━
[20:22:31]   OMP EVOLUTION ORCHESTRATOR v3.0
[20:22:31] ━━━━━━━━━━━━━━━━━━━━━━━━━━━━━━━━━━━━━━━━━━━━━━━━━━━━━━━━━━━━━━
[20:22:32] Project: /home/skynet/cabala-dos-caminhos
[20:22:32] Mode: focus=, iterations=500000
[20:22:32] Log: /home/skynet/cabala-dos-caminhos/logs/orchestrator-20260530-202231.log
[20:22:32] Started: sáb. 30 mai 2026 20:22:32 -03
[20:22:32] 
[20:22:32] ━━━━━━━━━━━━━━━━━━━━━━━━━━━━━━━━━━━━━━━━━━━━━━━━━━━━━━━━━━━━━━
[20:22:32]   INICIANDO LOOP DE EVOLUÇÃO
[20:22:32] ━━━━━━━━━━━━━━━━━━━━━━━━━━━━━━━━━━━━━━━━━━━━━━━━━━━━━━━━━━━━━━
[20:22:32] Máximo de ciclos: 500000
[20:22:32] Pressione Ctrl+C para parar

[20:22:32] ━━━━━━━━━━━━━━━━━━━━━━━━━━━━━━━━━━━━━━━━━━━━━━━━━━━━━━━━━━━━━━
[20:22:32]   CICLO #1 - 2026-05-30 20:22:32
[20:22:32] ━━━━━━━━━━━━━━━━━━━━━━━━━━━━━━━━━━━━━━━━━━━━━━━━━━━━━━━━━━━━━━
[20:22:32] 
[20:22:32] ━━━━━━━━━━━━━━━━━━━━━━━━━━━━━━━━━━━━━━━━━━━━━━━━━━━━━━━━━━━━━━
[20:22:32]   ESTADO ATUAL
[20:22:32] ━━━━━━━━━━━━━━━━━━━━━━━━━━━━━━━━━━━━━━━━━━━━━━━━━━━━━━━━━━━━━━
[20:22:33]   Sprints: ?
[20:22:33]   Tests: 4388
[20:22:33]   Correlações: 130
[20:22:33]   Widgets: 0
[20:22:33] [0;33m⚠[0m Worktree: com mudanças pendentes
