[20:21:15] 
[20:21:15] ━━━━━━━━━━━━━━━━━━━━━━━━━━━━━━━━━━━━━━━━━━━━━━━━━━━━━━━━━━━━━━
[20:21:15]   OMP AUTO-EVOLUTION ENGINE v3.0
[20:21:15] ━━━━━━━━━━━━━━━━━━━━━━━━━━━━━━━━━━━━━━━━━━━━━━━━━━━━━━━━━━━━━━
[20:21:16] Project: /home/skynet/cabala-dos-caminhos
[20:21:16] Log: /home/skynet/cabala-dos-caminhos/logs/orchestrator-20260530-202115.log
[20:21:16] Started: sáb. 30 mai 2026 20:21:16 -03
[20:21:16] 
[20:21:16] ━━━━━━━━━━━━━━━━━━━━━━━━━━━━━━━━━━━━━━━━━━━━━━━━━━━━━━━━━━━━━━
[20:21:16]   INICIANDO LOOP DE EVOLUÇÃO
[20:21:16] ━━━━━━━━━━━━━━━━━━━━━━━━━━━━━━━━━━━━━━━━━━━━━━━━━━━━━━━━━━━━━━
[20:21:16] Máximo de ciclos: 500000
[20:21:16] Pressione Ctrl+C para parar
[20:21:16] ━━━━━━━━━━━━━━━━━━━━━━━━━━━━━━━━━━━━━━━━━━━━━━━━━━━━━━━━━━━━━━
[20:21:16]   CICLO #1 - 2026-05-30 20:21:16
[20:21:16] ━━━━━━━━━━━━━━━━━━━━━━━━━━━━━━━━━━━━━━━━━━━━━━━━━━━━━━━━━━━━━━
[20:21:16] 
[20:21:16] ━━━━━━━━━━━━━━━━━━━━━━━━━━━━━━━━━━━━━━━━━━━━━━━━━━━━━━━━━━━━━━
[20:21:17]   ESTADO ATUAL
[20:21:17] ━━━━━━━━━━━━━━━━━━━━━━━━━━━━━━━━━━━━━━━━━━━━━━━━━━━━━━━━━━━━━━
[20:21:17]   Sprints: ?
[20:21:17]   Tests: 4388
4388
[20:21:17]   Correlações: 130
[20:21:17]   Worktree: com mudanças pendentes
[20:21:17] 
[20:21:17] ━━━━━━━━━━━━━━━━━━━━━━━━━━━━━━━━━━━━━━━━━━━━━━━━━━━━━━━━━━━━━━
[20:21:18]   QUALIDADE
[20:21:18] ━━━━━━━━━━━━━━━━━━━━━━━━━━━━━━━━━━━━━━━━━━━━━━━━━━━━━━━━━━━━━━
[20:22:52] \033[0;32m✓\033[0m Build: PASS
