[20:22:31] 
[20:22:31] ━━━━━━━━━━━━━━━━━━━━━━━━━━━━━━━━━━━━━━━━━━━━━━━━━━━━━━━━━━━━━━
[20:22:31]   OMP EVOLUTION ORCHESTRATOR v3.0
[20:22:31] ━━━━━━━━━━━━━━━━━━━━━━━━━━━━━━━━━━━━━━━━━━━━━━━━━━━━━━━━━━━━━━
[20:22:32] Project: /home/skynet/cabala-dos-caminhos
[20:22:32] Mode: focus=, iterations=500000
[20:22:32] Log: /home/skynet/cabala-dos-caminhos/logs/orchestrator-20260530-202231.log
[20:22:32] Started: sáb. 30 mai 2026 20:22:32 -03
[20:22:32] 
[20:22:32] ━━━━━━━━━━━━━━━━━━━━━━━━━━━━━━━━━━━━━━━━━━━━━━━━━━━━━━━━━━━━━━
[20:22:32]   INICIANDO LOOP DE EVOLUÇÃO
[20:22:32] ━━━━━━━━━━━━━━━━━━━━━━━━━━━━━━━━━━━━━━━━━━━━━━━━━━━━━━━━━━━━━━
[20:22:32] Máximo de ciclos: 500000
[20:22:32] Pressione Ctrl+C para parar
[20:22:32] ━━━━━━━━━━━━━━━━━━━━━━━━━━━━━━━━━━━━━━━━━━━━━━━━━━━━━━━━━━━━━━
[20:22:32]   CICLO #1 - 2026-05-30 20:22:32
[20:22:32] ━━━━━━━━━━━━━━━━━━━━━━━━━━━━━━━━━━━━━━━━━━━━━━━━━━━━━━━━━━━━━━
[20:22:32] 
[20:22:32] ━━━━━━━━━━━━━━━━━━━━━━━━━━━━━━━━━━━━━━━━━━━━━━━━━━━━━━━━━━━━━━
[20:22:32]   ESTADO ATUAL
[20:22:32] ━━━━━━━━━━━━━━━━━━━━━━━━━━━━━━━━━━━━━━━━━━━━━━━━━━━━━━━━━━━━━━
[20:22:33]   Sprints: ?
[20:22:33]   Tests: 4388
[20:22:33]   Correlações: 130
[20:22:33]   Widgets: 0
[20:22:33] [0;33m⚠[0m Worktree: com mudanças pendentes
[20:22:33] 
[20:22:33] ━━━━━━━━━━━━━━━━━━━━━━━━━━━━━━━━━━━━━━━━━━━━━━━━━━━━━━━━━━━━━━
[20:22:33]   IDENTIFICAÇÃO DE GAPS
[20:22:33] ━━━━━━━━━━━━━━━━━━━━━━━━━━━━━━━━━━━━━━━━━━━━━━━━━━━━━━━━━━━━━━
[20:22:33] [0;34m[GAP][0m Analisando correlações...
[20:22:33] [0;33m⚠[0m   Missing: orixa-herb
[20:22:33] [0;33m⚠[0m   Missing: day-chakra
[20:22:33] [0;33m⚠[0m   Missing: planet-herb
[20:22:33]   Total de correlações faltando: 3
[20:22:33] [0;34m[GAP][0m Analisando páginas...
[20:22:34] [0;33m⚠[0m   Missing page: dashboard/orixa/page.tsx
[20:22:34] [0;33m⚠[0m   Missing page: dashboard/chakra/page.tsx
[20:22:34] [0;33m⚠[0m   Missing page: dashboard/ritual/page.tsx
[20:22:34] [0;32m✓[0m Análise de gaps completada: 6 gaps encontrados
[20:22:34] 
[20:22:34] ━━━━━━━━━━━━━━━━━━━━━━━━━━━━━━━━━━━━━━━━━━━━━━━━━━━━━━━━━━━━━━
[20:22:34]   VERIFICAÇÃO DE QUALIDADE
[20:22:34] ━━━━━━━━━━━━━━━━━━━━━━━━━━━━━━━━━━━━━━━━━━━━━━━━━━━━━━━━━━━━━━
[20:22:34] [0;34m[BUILD][0m Verificando...
[20:22:40] [0;31m✗[0m Build: FALHOU
[20:22:40] [0;34m[LINT][0m Verificando...
