[21:14:21] 
[21:14:21] ━━━━━━━━━━━━━━━━━━━━━━━━━━━━━━━━━━━━━━━━━━━━━━━━━━━━━━━━━━━━━━
[21:14:22]   OMP EVOLUTION ORCHESTRATOR v3.0
[21:14:22] ━━━━━━━━━━━━━━━━━━━━━━━━━━━━━━━━━━━━━━━━━━━━━━━━━━━━━━━━━━━━━━
[21:14:22] Project: /home/skynet/cabala-dos-caminhos
[21:14:22] Mode: focus=, iterations=500000
[21:14:22] Log: /home/skynet/cabala-dos-caminhos/logs/orchestrator-20260530-211421.log
[21:14:22] Started: sáb. 30 mai 2026 21:14:22 -03
[21:14:22] 
[21:14:22] ━━━━━━━━━━━━━━━━━━━━━━━━━━━━━━━━━━━━━━━━━━━━━━━━━━━━━━━━━━━━━━
[21:14:22]   INICIANDO LOOP DE EVOLUÇÃO
[21:14:22] ━━━━━━━━━━━━━━━━━━━━━━━━━━━━━━━━━━━━━━━━━━━━━━━━━━━━━━━━━━━━━━
[21:14:22] Máximo de ciclos: 500000
[21:14:22] Pressione Ctrl+C para parar
[21:14:22] ━━━━━━━━━━━━━━━━━━━━━━━━━━━━━━━━━━━━━━━━━━━━━━━━━━━━━━━━━━━━━━
[21:14:22]   CICLO #1 - 2026-05-30 21:14:22
[21:14:22] ━━━━━━━━━━━━━━━━━━━━━━━━━━━━━━━━━━━━━━━━━━━━━━━━━━━━━━━━━━━━━━
[21:14:22] 
[21:14:22] ━━━━━━━━━━━━━━━━━━━━━━━━━━━━━━━━━━━━━━━━━━━━━━━━━━━━━━━━━━━━━━
[21:14:22]   ESTADO ATUAL
[21:14:22] ━━━━━━━━━━━━━━━━━━━━━━━━━━━━━━━━━━━━━━━━━━━━━━━━━━━━━━━━━━━━━━
[21:14:23]   Sprints: ?
[21:14:23]   Tests: 6650
[21:14:23]   Correlações: 140
[21:14:23]   Widgets: 0
[21:14:23] [0;32m✓[0m Worktree: limpo
[21:14:23] 
[21:14:23] ━━━━━━━━━━━━━━━━━━━━━━━━━━━━━━━━━━━━━━━━━━━━━━━━━━━━━━━━━━━━━━
[21:14:23]   IDENTIFICAÇÃO DE GAPS
[21:14:23] ━━━━━━━━━━━━━━━━━━━━━━━━━━━━━━━━━━━━━━━━━━━━━━━━━━━━━━━━━━━━━━
[21:14:23] [0;34m[GAP][0m Analisando correlações...
[21:14:23] [0;33m⚠[0m   Missing: day-chakra
[21:14:23]   Total de correlações faltando: 1
[21:14:23] [0;34m[GAP][0m Analisando páginas...
[21:14:23] [0;32m✓[0m Análise de gaps completada: 1 gaps encontrados
[21:14:23] 
[21:14:23] ━━━━━━━━━━━━━━━━━━━━━━━━━━━━━━━━━━━━━━━━━━━━━━━━━━━━━━━━━━━━━━
[21:14:23]   VERIFICAÇÃO DE QUALIDADE
[21:14:23] ━━━━━━━━━━━━━━━━━━━━━━━━━━━━━━━━━━━━━━━━━━━━━━━━━━━━━━━━━━━━━━
[21:14:23] [0;34m[BUILD][0m Verificando...
[21:14:24] [0;31m✗[0m Build: FALHOU
[21:14:25] [0;34m[LINT][0m Verificando...
